<?xml version="1.0" encoding="UTF-8"?>
<testsuite name="com.adventure.MT2" tests="2" skipped="0" failures="0" errors="0" timestamp="2022-10-15T00:24:56" hostname="SANKSHATA" time="0.099">
  <properties/>
  <testcase name="canOpenDoor()" classname="com.adventure.MT2" time="0.077"/>
  <testcase name="setName()" classname="com.adventure.MT2" time="0.021"/>
  <system-out><![CDATA[]]></system-out>
  <system-err><![CDATA[]]></system-err>
</testsuite>
